[2025-10-05 19:24:46] Log file cleared
[2025-10-05 19:24:50] SSD detected at /Volumes/Instruments
[2025-10-05 19:24:50] Skipping NAS mount check (--skip-nas flag is set)
[2025-10-05 19:24:50] Validating rules file...
[2025-10-05 19:24:51] Rules validation completed
[2025-10-05 19:24:51] SKIP (missing): /Users/josh/Music/Samples/Arturia
[2025-10-05 19:24:51] SKIP (NAS rules disabled): /Users/josh/Library/Audio/Presets/Arturia
[2025-10-05 19:24:51] SKIP (missing): /Users/josh/Music/Samples/Native Instruments
[2025-10-05 19:24:51] SKIP (missing): /Users/josh/Native Instruments/Kontakt Factory Library 2 Library
[2025-10-05 19:24:51] SKIP (missing): /Users/josh/Native Instruments/Symphony Series String Ensemble Library
[2025-10-05 19:24:51] SKIP (missing): /Users/josh/Native Instruments/Symphony Series Woodwind Ensemble Library
[2025-10-05 19:24:51] SKIP (missing): /Users/josh/Native Instruments/Symphony Series Percussion Library
[2025-10-05 19:24:51] SKIP (missing): /Users/josh/Native Instruments/Symphony Series Brass Ensemble Library
[2025-10-05 19:24:51] SKIP (missing): /Users/josh/Native Instruments/Symphony Series Woodwind Solo Library
[2025-10-05 19:24:51] SKIP (missing): /Users/josh/Native Instruments/Symphony Series Brass Solo Library
[2025-10-05 19:24:51] SKIP (missing): /Users/josh/Native Instruments/Areia Lite Edition
[2025-10-05 19:24:51] SKIP (missing): /Users/josh/Native Instruments/Session Strings 2 Library
[2025-10-05 19:24:51] SKIP (missing): /Users/josh/Native Instruments/Studio Drummer Library
[2025-10-05 19:24:51] SKIP (missing): /Users/josh/Native Instruments/Nucleus Lite Edition
[2025-10-05 19:24:51] SKIP (keeping local): /Users/josh/Native Instruments/Battery 4 Factory Library
[2025-10-05 19:24:51] SKIP (keeping local): /Users/josh/Native Instruments/Analog Dreams Library
[2025-10-05 19:24:51] SKIP (keeping local): /Users/josh/Native Instruments/Massive X Factory Library
[2025-10-05 19:24:51] SKIP (keeping local): /Users/josh/Native Instruments/Reaktor Factory Library
[2025-10-05 19:24:51] SKIP (keeping local): /Users/josh/Native Instruments/Reaktor Factory Selection R2
[2025-10-05 19:24:51] SKIP (keeping local): /Users/josh/Native Instruments/Reaktor Prism
[2025-10-05 19:24:51] SKIP (keeping local): /Users/josh/Native Instruments/Reaktor Spark R2
[2025-10-05 19:24:51] SKIP (keeping local): /Users/josh/Native Instruments/Monark
[2025-10-05 19:24:51] SKIP (keeping local): /Users/josh/Native Instruments/Rounds
[2025-10-05 19:24:51] SKIP (keeping local): /Users/josh/Native Instruments/Super 8
[2025-10-05 19:24:51] SKIP (keeping local): /Users/josh/Native Instruments/Blocks Base
[2025-10-05 19:24:51] SKIP (keeping local): /Users/josh/Native Instruments/Blocks Primes
[2025-10-05 19:24:51] SKIP (NAS rules disabled): /Library/Application Support/Native Instruments
[2025-10-05 19:24:51] SKIP (NAS rules disabled): /Users/josh/Library/Application Support/Native Instruments
[2025-10-05 19:24:51] SKIP (NAS rules disabled): /Users/josh/Documents/Native Instruments
[2025-10-05 19:24:51] SKIP (missing): /Users/josh/Music/Samples/U-He
[2025-10-05 19:24:51] SKIP (missing): /Users/josh/Music/Samples/IK Multimedia/SampleTank
[2025-10-05 19:24:51] SKIP (missing): /Users/josh/Music/Ableton/User Library
[2025-10-05 19:24:51] SKIP (missing): /Users/josh/Music/Audio Music Apps/Apple Loops
[2025-10-05 19:24:51] SKIP (missing): /Users/josh/Music/Ableton
[2025-10-05 19:24:51] SKIP (missing): /Users/josh/Music/GarageBand
[2025-10-05 19:24:51] SKIP (NAS rules disabled): /Users/josh/Music/Audio Music Apps
[2025-10-05 19:24:51] SKIP (NAS rules disabled): /Users/josh/Music/Celemony
[2025-10-05 19:24:51] SKIP (NAS rules disabled): /Library/Application Support/Logic
[2025-10-05 19:24:51] SKIP (NAS rules disabled): /Users/josh/Music/Logic
[2025-10-05 19:24:51] SKIP (NAS rules disabled): /Library/Application Support/Universal Audio
[2025-10-05 19:24:51] SKIP (NAS rules disabled): /Library/Application Support/IK Multimedia
[2025-10-05 19:24:51] SKIP (missing): /Users/josh/Library/Application Support/IK Multimedia
[2025-10-05 19:24:51] SKIP (missing): /Library/Application Support/UVISoundBanks/Orchestral Suite
[2025-10-05 19:24:51] SKIP (missing): /Library/Application Support/UVISoundBanks/Soundiron
[2025-10-05 19:24:51] SKIP (missing): /Library/Application Support/UVISoundBanks/Vintage Vault
[2025-10-05 19:24:51] SKIP (missing): /Library/Application Support/UVISoundBanks/Orchestral Essentials
[2025-10-05 19:24:51] SKIP (missing): /Library/Application Support/UVISoundBanks/Falcon
[2025-10-05 19:24:51] SKIP (missing): /Library/Application Support/UVISoundBanks/Drum Designer
[2025-10-05 19:24:51] SKIP (missing): /Library/Application Support/UVISoundBanks/Augmented Strings
[2025-10-05 19:24:51] SKIP (missing): /Library/Application Support/UVISoundBanks/Synth Anthology
[2025-10-05 19:24:51] Processing: /Library/Application Support/UVISoundBanks  ->  /Volumes/Instruments/UVI/Sound_Banks  (mode=move)
[2025-10-05 19:24:51] Processing large library (86816372KB): /Library/Application Support/UVISoundBanks
[2025-10-05 19:24:51] DRY RUN: would ln -sfn "/Volumes/Instruments/UVI/Sound_Banks" "/Library/Application Support/UVISoundBanks"
[2025-10-05 19:24:51] SKIP (missing): /Users/josh/Library/Application Support/UVI Workstation
[2025-10-05 19:24:52] SKIP (missing): /Users/josh/Library/Audio/Presets/UVI
[2025-10-05 19:24:52] SKIP (missing): /Users/josh/Documents/UVI
[2025-10-05 19:24:52] SKIP (NAS rules disabled): /Users/josh/Documents/IK Multimedia
[2025-10-05 19:24:52] Done.
[2025-10-05 19:25:11] SSD detected at /Volumes/Instruments
[2025-10-05 19:25:11] Skipping NAS mount check (--skip-nas flag is set)
[2025-10-05 19:25:11] Validating rules file...
[2025-10-05 19:25:11] Rules validation completed
[2025-10-05 19:25:11] SKIP (missing): /Users/josh/Music/Samples/Arturia
[2025-10-05 19:25:11] SKIP (NAS rules disabled): /Users/josh/Library/Audio/Presets/Arturia
[2025-10-05 19:25:11] SKIP (missing): /Users/josh/Music/Samples/Native Instruments
[2025-10-05 19:25:11] SKIP (missing): /Users/josh/Native Instruments/Kontakt Factory Library 2 Library
[2025-10-05 19:25:11] SKIP (missing): /Users/josh/Native Instruments/Symphony Series String Ensemble Library
[2025-10-05 19:25:11] SKIP (missing): /Users/josh/Native Instruments/Symphony Series Woodwind Ensemble Library
[2025-10-05 19:25:11] SKIP (missing): /Users/josh/Native Instruments/Symphony Series Percussion Library
[2025-10-05 19:25:11] SKIP (missing): /Users/josh/Native Instruments/Symphony Series Brass Ensemble Library
[2025-10-05 19:25:11] SKIP (missing): /Users/josh/Native Instruments/Symphony Series Woodwind Solo Library
[2025-10-05 19:25:11] SKIP (missing): /Users/josh/Native Instruments/Symphony Series Brass Solo Library
[2025-10-05 19:25:11] SKIP (missing): /Users/josh/Native Instruments/Areia Lite Edition
[2025-10-05 19:25:11] SKIP (missing): /Users/josh/Native Instruments/Session Strings 2 Library
[2025-10-05 19:25:11] SKIP (missing): /Users/josh/Native Instruments/Studio Drummer Library
[2025-10-05 19:25:11] SKIP (missing): /Users/josh/Native Instruments/Nucleus Lite Edition
[2025-10-05 19:25:11] SKIP (keeping local): /Users/josh/Native Instruments/Battery 4 Factory Library
[2025-10-05 19:25:11] SKIP (keeping local): /Users/josh/Native Instruments/Analog Dreams Library
[2025-10-05 19:25:11] SKIP (keeping local): /Users/josh/Native Instruments/Massive X Factory Library
[2025-10-05 19:25:11] SKIP (keeping local): /Users/josh/Native Instruments/Reaktor Factory Library
[2025-10-05 19:25:11] SKIP (keeping local): /Users/josh/Native Instruments/Reaktor Factory Selection R2
[2025-10-05 19:25:11] SKIP (keeping local): /Users/josh/Native Instruments/Reaktor Prism
[2025-10-05 19:25:11] SKIP (keeping local): /Users/josh/Native Instruments/Reaktor Spark R2
[2025-10-05 19:25:11] SKIP (keeping local): /Users/josh/Native Instruments/Monark
[2025-10-05 19:25:11] SKIP (keeping local): /Users/josh/Native Instruments/Rounds
[2025-10-05 19:25:11] SKIP (keeping local): /Users/josh/Native Instruments/Super 8
[2025-10-05 19:25:11] SKIP (keeping local): /Users/josh/Native Instruments/Blocks Base
[2025-10-05 19:25:11] SKIP (keeping local): /Users/josh/Native Instruments/Blocks Primes
[2025-10-05 19:25:11] SKIP (NAS rules disabled): /Library/Application Support/Native Instruments
[2025-10-05 19:25:11] SKIP (NAS rules disabled): /Users/josh/Library/Application Support/Native Instruments
[2025-10-05 19:25:11] SKIP (NAS rules disabled): /Users/josh/Documents/Native Instruments
[2025-10-05 19:25:11] SKIP (missing): /Users/josh/Music/Samples/U-He
[2025-10-05 19:25:11] SKIP (missing): /Users/josh/Music/Samples/IK Multimedia/SampleTank
[2025-10-05 19:25:12] SKIP (missing): /Users/josh/Music/Ableton/User Library
[2025-10-05 19:25:12] SKIP (missing): /Users/josh/Music/Audio Music Apps/Apple Loops
[2025-10-05 19:25:12] SKIP (missing): /Users/josh/Music/Ableton
[2025-10-05 19:25:12] SKIP (missing): /Users/josh/Music/GarageBand
[2025-10-05 19:25:12] SKIP (NAS rules disabled): /Users/josh/Music/Audio Music Apps
[2025-10-05 19:25:12] SKIP (NAS rules disabled): /Users/josh/Music/Celemony
[2025-10-05 19:25:12] SKIP (NAS rules disabled): /Library/Application Support/Logic
[2025-10-05 19:25:12] SKIP (NAS rules disabled): /Users/josh/Music/Logic
[2025-10-05 19:25:12] SKIP (NAS rules disabled): /Library/Application Support/Universal Audio
[2025-10-05 19:25:12] SKIP (NAS rules disabled): /Library/Application Support/IK Multimedia
[2025-10-05 19:25:12] SKIP (missing): /Users/josh/Library/Application Support/IK Multimedia
[2025-10-05 19:25:12] SKIP (missing): /Library/Application Support/UVISoundBanks/Orchestral Suite
[2025-10-05 19:25:12] SKIP (missing): /Library/Application Support/UVISoundBanks/Soundiron
[2025-10-05 19:25:12] SKIP (missing): /Library/Application Support/UVISoundBanks/Vintage Vault
[2025-10-05 19:25:12] SKIP (missing): /Library/Application Support/UVISoundBanks/Orchestral Essentials
[2025-10-05 19:25:12] SKIP (missing): /Library/Application Support/UVISoundBanks/Falcon
[2025-10-05 19:25:12] SKIP (missing): /Library/Application Support/UVISoundBanks/Drum Designer
[2025-10-05 19:25:12] SKIP (missing): /Library/Application Support/UVISoundBanks/Augmented Strings
[2025-10-05 19:25:12] SKIP (missing): /Library/Application Support/UVISoundBanks/Synth Anthology
[2025-10-05 19:25:12] Processing: /Library/Application Support/UVISoundBanks  ->  /Volumes/Instruments/UVI/Sound_Banks  (mode=move)
[2025-10-05 19:25:12] Processing large library (86816372KB): /Library/Application Support/UVISoundBanks
[2025-10-05 19:25:12] DRY RUN: would ln -sfn "/Volumes/Instruments/UVI/Sound_Banks" "/Library/Application Support/UVISoundBanks"
[2025-10-05 19:25:12] SKIP (missing): /Users/josh/Library/Application Support/UVI Workstation
[2025-10-05 19:25:12] SKIP (missing): /Users/josh/Library/Audio/Presets/UVI
[2025-10-05 19:25:12] SKIP (missing): /Users/josh/Documents/UVI
[2025-10-05 19:25:12] SKIP (NAS rules disabled): /Users/josh/Documents/IK Multimedia
[2025-10-05 19:25:12] Done.
[2025-10-05 19:25:19] SSD detected at /Volumes/Instruments
[2025-10-05 19:25:19] Skipping NAS mount check (--skip-nas flag is set)
[2025-10-05 19:25:19] Validating rules file...
[2025-10-05 19:25:19] Rules validation completed
[2025-10-05 19:25:19] SKIP (missing): /Users/josh/Music/Samples/Arturia
[2025-10-05 19:25:19] SKIP (NAS rules disabled): /Users/josh/Library/Audio/Presets/Arturia
[2025-10-05 19:25:19] SKIP (missing): /Users/josh/Music/Samples/Native Instruments
[2025-10-05 19:25:19] SKIP (missing): /Users/josh/Native Instruments/Kontakt Factory Library 2 Library
[2025-10-05 19:25:19] SKIP (missing): /Users/josh/Native Instruments/Symphony Series String Ensemble Library
[2025-10-05 19:25:19] SKIP (missing): /Users/josh/Native Instruments/Symphony Series Woodwind Ensemble Library
[2025-10-05 19:25:19] SKIP (missing): /Users/josh/Native Instruments/Symphony Series Percussion Library
[2025-10-05 19:25:19] SKIP (missing): /Users/josh/Native Instruments/Symphony Series Brass Ensemble Library
[2025-10-05 19:25:19] SKIP (missing): /Users/josh/Native Instruments/Symphony Series Woodwind Solo Library
[2025-10-05 19:25:19] SKIP (missing): /Users/josh/Native Instruments/Symphony Series Brass Solo Library
[2025-10-05 19:25:19] SKIP (missing): /Users/josh/Native Instruments/Areia Lite Edition
[2025-10-05 19:25:19] SKIP (missing): /Users/josh/Native Instruments/Session Strings 2 Library
[2025-10-05 19:25:19] SKIP (missing): /Users/josh/Native Instruments/Studio Drummer Library
[2025-10-05 19:25:19] SKIP (missing): /Users/josh/Native Instruments/Nucleus Lite Edition
[2025-10-05 19:25:19] SKIP (keeping local): /Users/josh/Native Instruments/Battery 4 Factory Library
[2025-10-05 19:25:19] SKIP (keeping local): /Users/josh/Native Instruments/Analog Dreams Library
[2025-10-05 19:25:19] SKIP (keeping local): /Users/josh/Native Instruments/Massive X Factory Library
[2025-10-05 19:25:19] SKIP (keeping local): /Users/josh/Native Instruments/Reaktor Factory Library
[2025-10-05 19:25:19] SKIP (keeping local): /Users/josh/Native Instruments/Reaktor Factory Selection R2
[2025-10-05 19:25:19] SKIP (keeping local): /Users/josh/Native Instruments/Reaktor Prism
[2025-10-05 19:25:19] SKIP (keeping local): /Users/josh/Native Instruments/Reaktor Spark R2
[2025-10-05 19:25:19] SKIP (keeping local): /Users/josh/Native Instruments/Monark
[2025-10-05 19:25:19] SKIP (keeping local): /Users/josh/Native Instruments/Rounds
[2025-10-05 19:25:19] SKIP (keeping local): /Users/josh/Native Instruments/Super 8
[2025-10-05 19:25:19] SKIP (keeping local): /Users/josh/Native Instruments/Blocks Base
[2025-10-05 19:25:19] SKIP (keeping local): /Users/josh/Native Instruments/Blocks Primes
[2025-10-05 19:25:19] SKIP (NAS rules disabled): /Library/Application Support/Native Instruments
[2025-10-05 19:25:19] SKIP (NAS rules disabled): /Users/josh/Library/Application Support/Native Instruments
[2025-10-05 19:25:19] SKIP (NAS rules disabled): /Users/josh/Documents/Native Instruments
[2025-10-05 19:25:19] SKIP (missing): /Users/josh/Music/Samples/U-He
[2025-10-05 19:25:19] SKIP (missing): /Users/josh/Music/Samples/IK Multimedia/SampleTank
[2025-10-05 19:25:19] SKIP (missing): /Users/josh/Music/Ableton/User Library
[2025-10-05 19:25:19] SKIP (missing): /Users/josh/Music/Audio Music Apps/Apple Loops
[2025-10-05 19:25:19] SKIP (missing): /Users/josh/Music/Ableton
[2025-10-05 19:25:19] SKIP (missing): /Users/josh/Music/GarageBand
[2025-10-05 19:25:19] SKIP (NAS rules disabled): /Users/josh/Music/Audio Music Apps
[2025-10-05 19:25:19] SKIP (NAS rules disabled): /Users/josh/Music/Celemony
[2025-10-05 19:25:19] SKIP (NAS rules disabled): /Library/Application Support/Logic
[2025-10-05 19:25:19] SKIP (NAS rules disabled): /Users/josh/Music/Logic
[2025-10-05 19:25:19] SKIP (NAS rules disabled): /Library/Application Support/Universal Audio
[2025-10-05 19:25:19] SKIP (NAS rules disabled): /Library/Application Support/IK Multimedia
[2025-10-05 19:25:19] SKIP (missing): /Users/josh/Library/Application Support/IK Multimedia
[2025-10-05 19:25:19] SKIP (missing): /Library/Application Support/UVISoundBanks/Orchestral Suite
[2025-10-05 19:25:19] SKIP (missing): /Library/Application Support/UVISoundBanks/Soundiron
[2025-10-05 19:25:19] SKIP (missing): /Library/Application Support/UVISoundBanks/Vintage Vault
[2025-10-05 19:25:19] SKIP (missing): /Library/Application Support/UVISoundBanks/Orchestral Essentials
[2025-10-05 19:25:19] SKIP (missing): /Library/Application Support/UVISoundBanks/Falcon
[2025-10-05 19:25:19] SKIP (missing): /Library/Application Support/UVISoundBanks/Drum Designer
[2025-10-05 19:25:19] SKIP (missing): /Library/Application Support/UVISoundBanks/Augmented Strings
[2025-10-05 19:25:19] SKIP (missing): /Library/Application Support/UVISoundBanks/Synth Anthology
[2025-10-05 19:25:19] Processing: /Library/Application Support/UVISoundBanks  ->  /Volumes/Instruments/UVI/Sound_Banks  (mode=move)
[2025-10-05 19:25:19] Processing large library (86816372KB): /Library/Application Support/UVISoundBanks
[2025-10-05 19:27:11] ERROR: Cannot rename /Library/Application Support/UVISoundBanks (is it open in a DAW?)
[2025-10-05 21:08:59] SSD detected at /Volumes/Instruments
[2025-10-05 21:08:59] Skipping NAS mount check (--skip-nas flag is set)
[2025-10-05 21:08:59] Validating rules file...
[2025-10-05 21:08:59] Rules validation completed
[2025-10-05 21:08:59] SKIP (missing): /Users/josh/Music/Samples/Arturia
[2025-10-05 21:08:59] SKIP (NAS rules disabled): /Users/josh/Library/Audio/Presets/Arturia
[2025-10-05 21:08:59] SKIP (missing): /Users/josh/Music/Samples/Native Instruments
[2025-10-05 21:08:59] SKIP (missing): /Users/josh/Native Instruments/Kontakt Factory Library 2 Library
[2025-10-05 21:08:59] SKIP (missing): /Users/josh/Native Instruments/Symphony Series String Ensemble Library
[2025-10-05 21:08:59] SKIP (missing): /Users/josh/Native Instruments/Symphony Series Woodwind Ensemble Library
[2025-10-05 21:08:59] SKIP (missing): /Users/josh/Native Instruments/Symphony Series Percussion Library
[2025-10-05 21:08:59] SKIP (missing): /Users/josh/Native Instruments/Symphony Series Brass Ensemble Library
[2025-10-05 21:08:59] SKIP (missing): /Users/josh/Native Instruments/Symphony Series Woodwind Solo Library
[2025-10-05 21:08:59] SKIP (missing): /Users/josh/Native Instruments/Symphony Series Brass Solo Library
[2025-10-05 21:08:59] SKIP (missing): /Users/josh/Native Instruments/Areia Lite Edition
[2025-10-05 21:08:59] SKIP (missing): /Users/josh/Native Instruments/Session Strings 2 Library
[2025-10-05 21:08:59] SKIP (missing): /Users/josh/Native Instruments/Studio Drummer Library
[2025-10-05 21:08:59] SKIP (missing): /Users/josh/Native Instruments/Nucleus Lite Edition
[2025-10-05 21:08:59] SKIP (keeping local): /Users/josh/Native Instruments/Battery 4 Factory Library
[2025-10-05 21:08:59] SKIP (keeping local): /Users/josh/Native Instruments/Analog Dreams Library
[2025-10-05 21:08:59] SKIP (keeping local): /Users/josh/Native Instruments/Massive X Factory Library
[2025-10-05 21:08:59] SKIP (keeping local): /Users/josh/Native Instruments/Reaktor Factory Library
[2025-10-05 21:08:59] SKIP (keeping local): /Users/josh/Native Instruments/Reaktor Factory Selection R2
[2025-10-05 21:09:00] SKIP (keeping local): /Users/josh/Native Instruments/Reaktor Prism
[2025-10-05 21:09:00] SKIP (keeping local): /Users/josh/Native Instruments/Reaktor Spark R2
[2025-10-05 21:09:00] SKIP (keeping local): /Users/josh/Native Instruments/Monark
[2025-10-05 21:09:00] SKIP (keeping local): /Users/josh/Native Instruments/Rounds
[2025-10-05 21:09:00] SKIP (keeping local): /Users/josh/Native Instruments/Super 8
[2025-10-05 21:09:00] SKIP (keeping local): /Users/josh/Native Instruments/Blocks Base
[2025-10-05 21:09:00] SKIP (keeping local): /Users/josh/Native Instruments/Blocks Primes
[2025-10-05 21:09:00] SKIP (NAS rules disabled): /Library/Application Support/Native Instruments
[2025-10-05 21:09:00] SKIP (NAS rules disabled): /Users/josh/Library/Application Support/Native Instruments
[2025-10-05 21:09:00] SKIP (NAS rules disabled): /Users/josh/Documents/Native Instruments
[2025-10-05 21:09:00] SKIP (missing): /Users/josh/Music/Samples/U-He
[2025-10-05 21:09:00] SKIP (missing): /Users/josh/Music/Samples/IK Multimedia/SampleTank
[2025-10-05 21:09:00] SKIP (missing): /Users/josh/Music/Ableton/User Library
[2025-10-05 21:09:00] SKIP (missing): /Users/josh/Music/Audio Music Apps/Apple Loops
[2025-10-05 21:09:00] SKIP (missing): /Users/josh/Music/Ableton
[2025-10-05 21:09:00] SKIP (missing): /Users/josh/Music/GarageBand
[2025-10-05 21:09:00] SKIP (NAS rules disabled): /Users/josh/Music/Audio Music Apps
[2025-10-05 21:09:00] SKIP (NAS rules disabled): /Users/josh/Music/Celemony
[2025-10-05 21:09:00] SKIP (NAS rules disabled): /Library/Application Support/Logic
[2025-10-05 21:09:00] SKIP (NAS rules disabled): /Users/josh/Music/Logic
[2025-10-05 21:09:00] SKIP (NAS rules disabled): /Library/Application Support/Universal Audio
[2025-10-05 21:09:00] SKIP (NAS rules disabled): /Library/Application Support/IK Multimedia
[2025-10-05 21:09:00] SKIP (missing): /Users/josh/Library/Application Support/IK Multimedia
[2025-10-05 21:09:00] SKIP (missing): /Library/Application Support/UVISoundBanks/Orchestral Suite
[2025-10-05 21:09:00] SKIP (missing): /Library/Application Support/UVISoundBanks/Soundiron
[2025-10-05 21:09:00] SKIP (missing): /Library/Application Support/UVISoundBanks/Vintage Vault
[2025-10-05 21:09:00] SKIP (missing): /Library/Application Support/UVISoundBanks/Orchestral Essentials
[2025-10-05 21:09:00] SKIP (missing): /Library/Application Support/UVISoundBanks/Falcon
[2025-10-05 21:09:00] SKIP (missing): /Library/Application Support/UVISoundBanks/Drum Designer
[2025-10-05 21:09:00] SKIP (missing): /Library/Application Support/UVISoundBanks/Augmented Strings
[2025-10-05 21:09:00] SKIP (missing): /Library/Application Support/UVISoundBanks/Synth Anthology
[2025-10-05 21:09:00] Processing: /Library/Application Support/UVISoundBanks  ->  /Volumes/Instruments/UVI/Sound_Banks  (mode=move)
[2025-10-05 21:09:00] Processing large library (86816372KB): /Library/Application Support/UVISoundBanks
[2025-10-05 21:09:00] DRY RUN: would ln -sfn "/Volumes/Instruments/UVI/Sound_Banks" "/Library/Application Support/UVISoundBanks"
[2025-10-05 21:09:00] SKIP (missing): /Users/josh/Library/Application Support/UVI Workstation
[2025-10-05 21:09:00] SKIP (missing): /Users/josh/Library/Audio/Presets/UVI
[2025-10-05 21:09:00] SKIP (missing): /Users/josh/Documents/UVI
[2025-10-05 21:09:00] SKIP (NAS rules disabled): /Users/josh/Documents/IK Multimedia
[2025-10-05 21:09:00] Done.
[2025-10-05 21:09:42] SSD detected at /Volumes/Instruments
[2025-10-05 21:09:42] Skipping NAS mount check (--skip-nas flag is set)
[2025-10-05 21:09:42] Validating rules file...
[2025-10-05 21:09:42] Rules validation completed
[2025-10-05 21:09:42] SKIP (missing): /Users/josh/Music/Samples/Arturia
[2025-10-05 21:09:42] SKIP (NAS rules disabled): /Users/josh/Library/Audio/Presets/Arturia
[2025-10-05 21:09:42] SKIP (missing): /Users/josh/Music/Samples/Native Instruments
[2025-10-05 21:09:42] SKIP (missing): /Users/josh/Native Instruments/Kontakt Factory Library 2 Library
[2025-10-05 21:09:42] SKIP (missing): /Users/josh/Native Instruments/Symphony Series String Ensemble Library
[2025-10-05 21:09:42] SKIP (missing): /Users/josh/Native Instruments/Symphony Series Woodwind Ensemble Library
[2025-10-05 21:09:42] SKIP (missing): /Users/josh/Native Instruments/Symphony Series Percussion Library
[2025-10-05 21:09:42] SKIP (missing): /Users/josh/Native Instruments/Symphony Series Brass Ensemble Library
[2025-10-05 21:09:42] SKIP (missing): /Users/josh/Native Instruments/Symphony Series Woodwind Solo Library
[2025-10-05 21:09:42] SKIP (missing): /Users/josh/Native Instruments/Symphony Series Brass Solo Library
[2025-10-05 21:09:42] SKIP (missing): /Users/josh/Native Instruments/Areia Lite Edition
[2025-10-05 21:09:42] SKIP (missing): /Users/josh/Native Instruments/Session Strings 2 Library
[2025-10-05 21:09:42] SKIP (missing): /Users/josh/Native Instruments/Studio Drummer Library
[2025-10-05 21:09:42] SKIP (missing): /Users/josh/Native Instruments/Nucleus Lite Edition
[2025-10-05 21:09:42] SKIP (keeping local): /Users/josh/Native Instruments/Battery 4 Factory Library
[2025-10-05 21:09:42] SKIP (keeping local): /Users/josh/Native Instruments/Analog Dreams Library
[2025-10-05 21:09:42] SKIP (keeping local): /Users/josh/Native Instruments/Massive X Factory Library
[2025-10-05 21:09:43] SKIP (keeping local): /Users/josh/Native Instruments/Reaktor Factory Library
[2025-10-05 21:09:43] SKIP (keeping local): /Users/josh/Native Instruments/Reaktor Factory Selection R2
[2025-10-05 21:09:43] SKIP (keeping local): /Users/josh/Native Instruments/Reaktor Prism
[2025-10-05 21:09:43] SKIP (keeping local): /Users/josh/Native Instruments/Reaktor Spark R2
[2025-10-05 21:09:43] SKIP (keeping local): /Users/josh/Native Instruments/Monark
[2025-10-05 21:09:43] SKIP (keeping local): /Users/josh/Native Instruments/Rounds
[2025-10-05 21:09:43] SKIP (keeping local): /Users/josh/Native Instruments/Super 8
[2025-10-05 21:09:43] SKIP (keeping local): /Users/josh/Native Instruments/Blocks Base
[2025-10-05 21:09:43] SKIP (keeping local): /Users/josh/Native Instruments/Blocks Primes
[2025-10-05 21:09:43] SKIP (NAS rules disabled): /Library/Application Support/Native Instruments
[2025-10-05 21:09:43] SKIP (NAS rules disabled): /Users/josh/Library/Application Support/Native Instruments
[2025-10-05 21:09:43] SKIP (NAS rules disabled): /Users/josh/Documents/Native Instruments
[2025-10-05 21:09:43] SKIP (missing): /Users/josh/Music/Samples/U-He
[2025-10-05 21:09:43] SKIP (missing): /Users/josh/Music/Samples/IK Multimedia/SampleTank
[2025-10-05 21:09:43] SKIP (missing): /Users/josh/Music/Ableton/User Library
[2025-10-05 21:09:43] SKIP (missing): /Users/josh/Music/Audio Music Apps/Apple Loops
[2025-10-05 21:09:43] SKIP (missing): /Users/josh/Music/Ableton
[2025-10-05 21:09:43] SKIP (missing): /Users/josh/Music/GarageBand
[2025-10-05 21:09:43] SKIP (NAS rules disabled): /Users/josh/Music/Audio Music Apps
[2025-10-05 21:09:43] SKIP (NAS rules disabled): /Users/josh/Music/Celemony
[2025-10-05 21:09:43] SKIP (NAS rules disabled): /Library/Application Support/Logic
[2025-10-05 21:09:43] SKIP (NAS rules disabled): /Users/josh/Music/Logic
[2025-10-05 21:09:43] SKIP (NAS rules disabled): /Library/Application Support/Universal Audio
[2025-10-05 21:09:43] SKIP (NAS rules disabled): /Library/Application Support/IK Multimedia
[2025-10-05 21:09:43] SKIP (missing): /Users/josh/Library/Application Support/IK Multimedia
[2025-10-05 21:09:43] SKIP (missing): /Library/Application Support/UVISoundBanks/Orchestral Suite
[2025-10-05 21:09:43] SKIP (missing): /Library/Application Support/UVISoundBanks/Soundiron
[2025-10-05 21:09:43] SKIP (missing): /Library/Application Support/UVISoundBanks/Vintage Vault
[2025-10-05 21:09:43] SKIP (missing): /Library/Application Support/UVISoundBanks/Orchestral Essentials
[2025-10-05 21:09:43] SKIP (missing): /Library/Application Support/UVISoundBanks/Falcon
[2025-10-05 21:09:43] SKIP (missing): /Library/Application Support/UVISoundBanks/Drum Designer
[2025-10-05 21:09:43] SKIP (missing): /Library/Application Support/UVISoundBanks/Augmented Strings
[2025-10-05 21:09:43] SKIP (missing): /Library/Application Support/UVISoundBanks/Synth Anthology
[2025-10-05 21:09:43] Processing: /Library/Application Support/UVISoundBanks  ->  /Volumes/Instruments/UVI/Sound_Banks  (mode=move)
[2025-10-05 21:09:43] Processing large library (86816372KB): /Library/Application Support/UVISoundBanks
[2025-10-05 21:09:43] ERROR: Cannot rename /Library/Application Support/UVISoundBanks (is it open in a DAW?)
